30-03-2014, 20:21 - api called
30-03-2014, 20:21 - api called
30-03-2014, 20:22 - file called
30-03-2014, 20:23 - file called
30-03-2014, 20:24 - file called
30-03-2014, 20:25 - file called
30-03-2014, 20:25 - file called
30-03-2014, 20:26 - file called
30-03-2014, 20:26 - file called
30-03-2014, 20:27 - file called
30-03-2014, 20:27 - file called
30-03-2014, 20:28 - file called
30-03-2014, 20:28 - file called
30-03-2014, 20:29 - file called
30-03-2014, 20:30 - file called
30-03-2014, 20:30 - dad` iq dri
30-03-2014, 20:30 - file called
30-03-2014, 20:30 - Ar`` ac fpbi
30-03-2014, 20:31 - file called
30-03-2014, 20:31 - user is from...
30-03-2014, 20:31 - file called
30-03-2014, 20:31 - user is from...
30-03-2014, 20:31 - DE
30-03-2014, 20:32 - file called
30-03-2014, 20:32 - user is from...
30-03-2014, 20:32 - DE
30-03-2014, 20:32 - file called
30-03-2014, 20:32 - user is from...
30-03-2014, 20:32 - DE
30-03-2014, 20:41 - file called
30-03-2014, 20:41 - user is from...
30-03-2014, 20:41 - DE
30-03-2014, 20:41 - file called
30-03-2014, 20:42 - file called
30-03-2014, 20:42 - user is from...
30-03-2014, 20:42 - DE
30-03-2014, 20:42 - file called
30-03-2014, 20:42 - user is from...
30-03-2014, 20:42 - DE
